
[43m[33m[[39m[49m[43m[30mWARN[39m[49m[43m[33m][39m[49m The "pnpm" field in package.json is no longer read by pnpm. The following keys were ignored: "pnpm.onlyBuiltDependencies". See https://pnpm.io/settings for the new home of each setting.

> pixi-svelte-storybook@0.1.1 storybook /tmp/s/vue-to-svelte-ast/web-sdk/packages/pixi-svelte-storybook
> storybook dev -p 6006

[1mstorybook v9.0.15[22m[0m
[0m
You are currently using Storybook [1m9.0.15[22m but you have packages which are incompatible with it:

- @chromatic-com/storybook@3.2.5 which depends on ^8.2.0 || ^8.3.0-0 || ^8.4.0-0 || ^8.5.0-0 || ^8.6.0-0
- @storybook/addon-svelte-csf@5.0.5 which depends on ^0.1.13

Please consider updating your packages or contacting the maintainers for compatibility details.

For more on Storybook 9 compatibility, see the linked GitHub issue:
https://github.com/storybookjs/storybook/issues/30944
(node:745296) [DEP0190] DeprecationWarning: Passing args to a child process with shell option true can lead to security vulnerabilities, as the arguments are not escaped, only concatenated.
(Use `node --trace-deprecation ...` to show where the warning was created)
[38;2;241;97;97mError: Failed to load static files, no such directory: [36m./static[39m
Make sure this directory exists.[39m
    at parseStaticDir (/tmp/s/vue-to-svelte-ast/web-sdk/node_modules/.pnpm/storybook@9.0.15_@testing-library+dom@10.4.0_prettier@3.6.2/node_modules/storybook/dist/core-server/presets/common-preset.cjs:9844:11)
    at /tmp/s/vue-to-svelte-ast/web-sdk/node_modules/.pnpm/storybook@9.0.15_@testing-library+dom@10.4.0_prettier@3.6.2/node_modules/storybook/dist/core-server/presets/common-preset.cjs:10018:54
    at Array.map (<anonymous>)
    at Object.favicon (/tmp/s/vue-to-svelte-ast/web-sdk/node_modules/.pnpm/storybook@9.0.15_@testing-library+dom@10.4.0_prettier@3.6.2/node_modules/storybook/dist/core-server/presets/common-preset.cjs:10013:15)
    at async useStatics (/tmp/s/vue-to-svelte-ast/web-sdk/node_modules/.pnpm/storybook@9.0.15_@testing-library+dom@10.4.0_prettier@3.6.2/node_modules/storybook/dist/core-server/index.cjs:35426:58)
    at async Promise.all (index 2)
    at async storybookDevServer (/tmp/s/vue-to-svelte-ast/web-sdk/node_modules/.pnpm/storybook@9.0.15_@testing-library+dom@10.4.0_prettier@3.6.2/node_modules/storybook/dist/core-server/index.cjs:36782:82)
    at async buildOrThrow (/tmp/s/vue-to-svelte-ast/web-sdk/node_modules/.pnpm/storybook@9.0.15_@testing-library+dom@10.4.0_prettier@3.6.2/node_modules/storybook/dist/core-server/index.cjs:35407:12)
    at async buildDevStandalone (/tmp/s/vue-to-svelte-ast/web-sdk/node_modules/.pnpm/storybook@9.0.15_@testing-library+dom@10.4.0_prettier@3.6.2/node_modules/storybook/dist/core-server/index.cjs:38031:78)
    at async withTelemetry (/tmp/s/vue-to-svelte-ast/web-sdk/node_modules/.pnpm/storybook@9.0.15_@testing-library+dom@10.4.0_prettier@3.6.2/node_modules/storybook/dist/core-server/index.cjs:36157:12)

Broken build, fix the error above.
You may need to refresh the browser.

No story files found for the specified pattern: [34msrc/**/*.mdx[39m
CSF Parsing error: Expected 'ObjectExpression' but found 'undefined' instead in 'Identifier'.
CSF Parsing error: Expected 'ObjectExpression' but found 'undefined' instead in 'Identifier'.
[41m[30m ELIFECYCLE [39m[49m [31mCommand failed with exit code 1.[39m
